<?xml version="1.0" encoding="UTF-8"?>
<testsuites name="jest tests" tests="4" failures="0" errors="0" time="2.121">
  <testsuite name="appTests" errors="0" failures="0" skipped="0" timestamp="2025-11-16T02:44:06" time="1.837" tests="4">
    <testcase classname="appTests {CHECK EXISTING FIELDS}: author" name="appTests {CHECK EXISTING FIELDS}: author" time="0.082">
    </testcase>
    <testcase classname="appTests {CHECK EXISTING FIELDS}: comment" name="appTests {CHECK EXISTING FIELDS}: comment" time="0.032">
    </testcase>
    <testcase classname="appTests {CHECK EXISTING FIELDS}: submit" name="appTests {CHECK EXISTING FIELDS}: submit" time="0.031">
    </testcase>
    <testcase classname="appTests {CHECK REQUIRED FILED}: author and comment are empty" name="appTests {CHECK REQUIRED FILED}: author and comment are empty" time="0.027">
    </testcase>
  </testsuite>
</testsuites>